{"E:\\hackthon\\frontend-mentor\\weatherApp\\app\\src\\App.tsx": {"path":"E:\\hackthon\\frontend-mentor\\weatherApp\\app\\src\\App.tsx","all":true,"statementMap":{"0":{"start":{"line":1,"column":0},"end":{"line":1,"column":54}},"1":{"start":{"line":2,"column":0},"end":{"line":2,"column":54}},"2":{"start":{"line":3,"column":0},"end":{"line":3,"column":60}},"3":{"start":{"line":4,"column":0},"end":{"line":4,"column":60}},"4":{"start":{"line":5,"column":0},"end":{"line":5,"column":37}},"6":{"start":{"line":7,"column":0},"end":{"line":7,"column":16}},"8":{"start":{"line":9,"column":0},"end":{"line":9,"column":10}},"9":{"start":{"line":10,"column":0},"end":{"line":10,"column":36}},"10":{"start":{"line":11,"column":0},"end":{"line":11,"column":17}},"11":{"start":{"line":12,"column":0},"end":{"line":12,"column":38}},"12":{"start":{"line":13,"column":0},"end":{"line":13,"column":17}},"13":{"start":{"line":14,"column":0},"end":{"line":14,"column":22}},"15":{"start":{"line":16,"column":0},"end":{"line":16,"column":19}},"18":{"start":{"line":19,"column":0},"end":{"line":19,"column":1}},"20":{"start":{"line":21,"column":0},"end":{"line":21,"column":18}}},"s":{"0":0,"1":0,"2":0,"3":0,"4":0,"6":0,"8":0,"9":0,"10":0,"11":0,"12":0,"13":0,"15":0,"18":0,"20":0},"branchMap":{"0":{"type":"branch","line":1,"loc":{"start":{"line":1,"column":505},"end":{"line":21,"column":18}},"locations":[{"start":{"line":1,"column":505},"end":{"line":21,"column":18}}]}},"b":{"0":[0]},"fnMap":{"0":{"name":"(empty-report)","decl":{"start":{"line":1,"column":505},"end":{"line":21,"column":18}},"loc":{"start":{"line":1,"column":505},"end":{"line":21,"column":18}},"line":1}},"f":{"0":0}}
,"E:\\hackthon\\frontend-mentor\\weatherApp\\app\\src\\main.tsx": {"path":"E:\\hackthon\\frontend-mentor\\weatherApp\\app\\src\\main.tsx","all":true,"statementMap":{"0":{"start":{"line":1,"column":0},"end":{"line":1,"column":34}},"1":{"start":{"line":2,"column":0},"end":{"line":2,"column":45}},"2":{"start":{"line":3,"column":0},"end":{"line":3,"column":21}},"3":{"start":{"line":4,"column":0},"end":{"line":4,"column":27}},"5":{"start":{"line":6,"column":0},"end":{"line":6,"column":52}},"6":{"start":{"line":7,"column":0},"end":{"line":7,"column":14}},"7":{"start":{"line":8,"column":0},"end":{"line":8,"column":11}}},"s":{"0":0,"1":0,"2":0,"3":0,"5":0,"6":0,"7":0},"branchMap":{"0":{"type":"branch","line":1,"loc":{"start":{"line":1,"column":230},"end":{"line":10,"column":1}},"locations":[{"start":{"line":1,"column":230},"end":{"line":10,"column":1}}]}},"b":{"0":[0]},"fnMap":{"0":{"name":"(empty-report)","decl":{"start":{"line":1,"column":230},"end":{"line":10,"column":1}},"loc":{"start":{"line":1,"column":230},"end":{"line":10,"column":1}},"line":1}},"f":{"0":0}}
,"E:\\hackthon\\frontend-mentor\\weatherApp\\app\\src\\components\\cards\\dailyForcastCards\\ForcastCards.tsx": {"path":"E:\\hackthon\\frontend-mentor\\weatherApp\\app\\src\\components\\cards\\dailyForcastCards\\ForcastCards.tsx","all":true,"statementMap":{"0":{"start":{"line":1,"column":0},"end":{"line":1,"column":63}},"1":{"start":{"line":2,"column":0},"end":{"line":2,"column":46}},"3":{"start":{"line":4,"column":0},"end":{"line":4,"column":45}},"4":{"start":{"line":5,"column":0},"end":{"line":5,"column":76}},"5":{"start":{"line":6,"column":0},"end":{"line":6,"column":47}},"6":{"start":{"line":7,"column":0},"end":{"line":7,"column":30}},"7":{"start":{"line":8,"column":0},"end":{"line":8,"column":71}},"8":{"start":{"line":9,"column":0},"end":{"line":9,"column":27}},"9":{"start":{"line":10,"column":0},"end":{"line":10,"column":101}},"10":{"start":{"line":11,"column":0},"end":{"line":11,"column":30}},"11":{"start":{"line":12,"column":0},"end":{"line":12,"column":81}},"12":{"start":{"line":13,"column":0},"end":{"line":13,"column":42}},"13":{"start":{"line":14,"column":0},"end":{"line":14,"column":45}},"14":{"start":{"line":15,"column":0},"end":{"line":15,"column":45}},"21":{"start":{"line":22,"column":0},"end":{"line":22,"column":1}}},"s":{"0":0,"1":0,"3":0,"4":0,"5":0,"6":0,"7":0,"8":0,"9":0,"10":0,"11":0,"12":0,"13":0,"14":0,"21":0},"branchMap":{"0":{"type":"branch","line":1,"loc":{"start":{"line":1,"column":887},"end":{"line":22,"column":1}},"locations":[{"start":{"line":1,"column":887},"end":{"line":22,"column":1}}]}},"b":{"0":[0]},"fnMap":{"0":{"name":"(empty-report)","decl":{"start":{"line":1,"column":887},"end":{"line":22,"column":1}},"loc":{"start":{"line":1,"column":887},"end":{"line":22,"column":1}},"line":1}},"f":{"0":0}}
,"E:\\hackthon\\frontend-mentor\\weatherApp\\app\\src\\components\\cards\\hourlyForcastCard\\HourlyCard.tsx": {"path":"E:\\hackthon\\frontend-mentor\\weatherApp\\app\\src\\components\\cards\\hourlyForcastCard\\HourlyCard.tsx","all":true,"statementMap":{"0":{"start":{"line":1,"column":0},"end":{"line":1,"column":71}},"1":{"start":{"line":2,"column":0},"end":{"line":2,"column":44}},"3":{"start":{"line":4,"column":0},"end":{"line":4,"column":38}},"4":{"start":{"line":5,"column":0},"end":{"line":5,"column":72}},"5":{"start":{"line":6,"column":0},"end":{"line":6,"column":52}},"7":{"start":{"line":8,"column":0},"end":{"line":8,"column":29}},"8":{"start":{"line":9,"column":0},"end":{"line":9,"column":78}},"9":{"start":{"line":10,"column":0},"end":{"line":10,"column":62}},"10":{"start":{"line":11,"column":0},"end":{"line":11,"column":83}},"11":{"start":{"line":12,"column":0},"end":{"line":12,"column":35}},"13":{"start":{"line":14,"column":0},"end":{"line":14,"column":42}},"18":{"start":{"line":19,"column":0},"end":{"line":19,"column":1}}},"s":{"0":0,"1":0,"3":0,"4":0,"5":0,"7":0,"8":0,"9":0,"10":0,"11":0,"13":0,"18":0},"branchMap":{"0":{"type":"branch","line":1,"loc":{"start":{"line":1,"column":733},"end":{"line":19,"column":1}},"locations":[{"start":{"line":1,"column":733},"end":{"line":19,"column":1}}]}},"b":{"0":[0]},"fnMap":{"0":{"name":"(empty-report)","decl":{"start":{"line":1,"column":733},"end":{"line":19,"column":1}},"loc":{"start":{"line":1,"column":733},"end":{"line":19,"column":1}},"line":1}},"f":{"0":0}}
,"E:\\hackthon\\frontend-mentor\\weatherApp\\app\\src\\components\\cards\\locationCard\\LocationCard.tsx": {"path":"E:\\hackthon\\frontend-mentor\\weatherApp\\app\\src\\components\\cards\\locationCard\\LocationCard.tsx","all":true,"statementMap":{"0":{"start":{"line":1,"column":0},"end":{"line":1,"column":68}},"1":{"start":{"line":2,"column":0},"end":{"line":2,"column":68}},"2":{"start":{"line":3,"column":0},"end":{"line":3,"column":63}},"3":{"start":{"line":4,"column":0},"end":{"line":4,"column":46}},"5":{"start":{"line":6,"column":0},"end":{"line":6,"column":40}},"6":{"start":{"line":7,"column":0},"end":{"line":7,"column":44}},"7":{"start":{"line":8,"column":0},"end":{"line":8,"column":48}},"8":{"start":{"line":9,"column":0},"end":{"line":9,"column":71}},"9":{"start":{"line":10,"column":0},"end":{"line":10,"column":64}},"11":{"start":{"line":12,"column":0},"end":{"line":12,"column":73}},"12":{"start":{"line":13,"column":0},"end":{"line":13,"column":46}},"13":{"start":{"line":14,"column":0},"end":{"line":14,"column":38}},"14":{"start":{"line":15,"column":0},"end":{"line":15,"column":48}},"16":{"start":{"line":17,"column":0},"end":{"line":17,"column":34}},"17":{"start":{"line":18,"column":0},"end":{"line":18,"column":96}},"18":{"start":{"line":19,"column":0},"end":{"line":19,"column":72}},"22":{"start":{"line":23,"column":0},"end":{"line":23,"column":1}}},"s":{"0":0,"1":0,"2":0,"3":0,"5":0,"6":0,"7":0,"8":0,"9":0,"11":0,"12":0,"13":0,"14":0,"16":0,"17":0,"18":0,"22":0},"branchMap":{"0":{"type":"branch","line":1,"loc":{"start":{"line":1,"column":1042},"end":{"line":23,"column":1}},"locations":[{"start":{"line":1,"column":1042},"end":{"line":23,"column":1}}]}},"b":{"0":[0]},"fnMap":{"0":{"name":"(empty-report)","decl":{"start":{"line":1,"column":1042},"end":{"line":23,"column":1}},"loc":{"start":{"line":1,"column":1042},"end":{"line":23,"column":1}},"line":1}},"f":{"0":0}}
,"E:\\hackthon\\frontend-mentor\\weatherApp\\app\\src\\components\\cards\\metricsCards\\MetricsCards.tsx": {"path":"E:\\hackthon\\frontend-mentor\\weatherApp\\app\\src\\components\\cards\\metricsCards\\MetricsCards.tsx","all":true,"statementMap":{"0":{"start":{"line":1,"column":0},"end":{"line":1,"column":45}},"2":{"start":{"line":3,"column":0},"end":{"line":3,"column":40}},"3":{"start":{"line":4,"column":0},"end":{"line":4,"column":88}},"4":{"start":{"line":5,"column":0},"end":{"line":5,"column":72}},"6":{"start":{"line":7,"column":0},"end":{"line":7,"column":73}},"8":{"start":{"line":9,"column":0},"end":{"line":9,"column":35}},"9":{"start":{"line":10,"column":0},"end":{"line":10,"column":85}},"10":{"start":{"line":11,"column":0},"end":{"line":11,"column":32}},"11":{"start":{"line":12,"column":0},"end":{"line":12,"column":68}},"16":{"start":{"line":17,"column":0},"end":{"line":17,"column":1}}},"s":{"0":0,"2":0,"3":0,"4":0,"6":0,"8":0,"9":0,"10":0,"11":0,"16":0},"branchMap":{"0":{"type":"branch","line":1,"loc":{"start":{"line":1,"column":639},"end":{"line":17,"column":1}},"locations":[{"start":{"line":1,"column":639},"end":{"line":17,"column":1}}]}},"b":{"0":[0]},"fnMap":{"0":{"name":"(empty-report)","decl":{"start":{"line":1,"column":639},"end":{"line":17,"column":1}},"loc":{"start":{"line":1,"column":639},"end":{"line":17,"column":1}},"line":1}},"f":{"0":0}}
,"E:\\hackthon\\frontend-mentor\\weatherApp\\app\\src\\components\\dashboard\\Dashboard.tsx": {"path":"E:\\hackthon\\frontend-mentor\\weatherApp\\app\\src\\components\\dashboard\\Dashboard.tsx","all":true,"statementMap":{"0":{"start":{"line":1,"column":0},"end":{"line":1,"column":61}},"1":{"start":{"line":2,"column":0},"end":{"line":2,"column":61}},"2":{"start":{"line":3,"column":0},"end":{"line":3,"column":71}},"3":{"start":{"line":4,"column":0},"end":{"line":4,"column":62}},"4":{"start":{"line":5,"column":0},"end":{"line":5,"column":43}},"6":{"start":{"line":7,"column":0},"end":{"line":7,"column":29}},"8":{"start":{"line":9,"column":0},"end":{"line":9,"column":45}},"9":{"start":{"line":10,"column":0},"end":{"line":10,"column":42}},"10":{"start":{"line":11,"column":0},"end":{"line":11,"column":37}},"11":{"start":{"line":12,"column":0},"end":{"line":12,"column":32}},"12":{"start":{"line":13,"column":0},"end":{"line":13,"column":32}},"14":{"start":{"line":15,"column":0},"end":{"line":15,"column":33}},"16":{"start":{"line":17,"column":0},"end":{"line":17,"column":91}},"17":{"start":{"line":18,"column":0},"end":{"line":18,"column":34}},"18":{"start":{"line":19,"column":0},"end":{"line":19,"column":40}},"19":{"start":{"line":20,"column":0},"end":{"line":20,"column":59}},"20":{"start":{"line":21,"column":0},"end":{"line":21,"column":56}},"23":{"start":{"line":24,"column":0},"end":{"line":24,"column":26}},"26":{"start":{"line":27,"column":0},"end":{"line":27,"column":1}}},"s":{"0":0,"1":0,"2":0,"3":0,"4":0,"6":0,"8":0,"9":0,"10":0,"11":0,"12":0,"14":0,"16":0,"17":0,"18":0,"19":0,"20":0,"23":0,"26":0},"branchMap":{"0":{"type":"branch","line":1,"loc":{"start":{"line":1,"column":1006},"end":{"line":27,"column":1}},"locations":[{"start":{"line":1,"column":1006},"end":{"line":27,"column":1}}]}},"b":{"0":[0]},"fnMap":{"0":{"name":"(empty-report)","decl":{"start":{"line":1,"column":1006},"end":{"line":27,"column":1}},"loc":{"start":{"line":1,"column":1006},"end":{"line":27,"column":1}},"line":1}},"f":{"0":0}}
,"E:\\hackthon\\frontend-mentor\\weatherApp\\app\\src\\components\\titleWithSearch\\Search.tsx": {"path":"E:\\hackthon\\frontend-mentor\\weatherApp\\app\\src\\components\\titleWithSearch\\Search.tsx","all":true,"statementMap":{"1":{"start":{"line":2,"column":0},"end":{"line":2,"column":66}},"2":{"start":{"line":3,"column":0},"end":{"line":3,"column":40}},"4":{"start":{"line":5,"column":0},"end":{"line":5,"column":38}},"5":{"start":{"line":6,"column":0},"end":{"line":6,"column":44}},"6":{"start":{"line":7,"column":0},"end":{"line":7,"column":26}},"7":{"start":{"line":8,"column":0},"end":{"line":8,"column":5}},"9":{"start":{"line":10,"column":0},"end":{"line":10,"column":50}},"10":{"start":{"line":11,"column":0},"end":{"line":11,"column":82}},"11":{"start":{"line":12,"column":0},"end":{"line":12,"column":75}},"12":{"start":{"line":13,"column":0},"end":{"line":13,"column":40}},"13":{"start":{"line":14,"column":0},"end":{"line":14,"column":53}},"14":{"start":{"line":15,"column":0},"end":{"line":15,"column":70}},"16":{"start":{"line":17,"column":0},"end":{"line":17,"column":101}},"18":{"start":{"line":19,"column":0},"end":{"line":19,"column":49}},"21":{"start":{"line":22,"column":0},"end":{"line":22,"column":1}}},"s":{"1":0,"2":0,"4":0,"5":0,"6":0,"7":0,"9":0,"10":0,"11":0,"12":0,"13":0,"14":0,"16":0,"18":0,"21":0},"branchMap":{"0":{"type":"branch","line":1,"loc":{"start":{"line":1,"column":887},"end":{"line":22,"column":1}},"locations":[{"start":{"line":1,"column":887},"end":{"line":22,"column":1}}]}},"b":{"0":[1]},"fnMap":{"0":{"name":"(empty-report)","decl":{"start":{"line":1,"column":887},"end":{"line":22,"column":1}},"loc":{"start":{"line":1,"column":887},"end":{"line":22,"column":1}},"line":1}},"f":{"0":1}}
,"E:\\hackthon\\frontend-mentor\\weatherApp\\app\\src\\components\\titleWithSearch\\Title.tsx": {"path":"E:\\hackthon\\frontend-mentor\\weatherApp\\app\\src\\components\\titleWithSearch\\Title.tsx","all":true,"statementMap":{"0":{"start":{"line":1,"column":0},"end":{"line":1,"column":40}},"2":{"start":{"line":3,"column":0},"end":{"line":3,"column":33}},"4":{"start":{"line":5,"column":0},"end":{"line":5,"column":41}},"5":{"start":{"line":6,"column":0},"end":{"line":6,"column":62}},"7":{"start":{"line":8,"column":0},"end":{"line":8,"column":1}}},"s":{"0":0,"2":0,"4":0,"5":0,"7":0},"branchMap":{"0":{"type":"branch","line":1,"loc":{"start":{"line":1,"column":200},"end":{"line":8,"column":1}},"locations":[{"start":{"line":1,"column":200},"end":{"line":8,"column":1}}]}},"b":{"0":[0]},"fnMap":{"0":{"name":"(empty-report)","decl":{"start":{"line":1,"column":200},"end":{"line":8,"column":1}},"loc":{"start":{"line":1,"column":200},"end":{"line":8,"column":1}},"line":1}},"f":{"0":0}}
,"E:\\hackthon\\frontend-mentor\\weatherApp\\app\\src\\components\\toolbar\\Toolbar.tsx": {"path":"E:\\hackthon\\frontend-mentor\\weatherApp\\app\\src\\components\\toolbar\\Toolbar.tsx","all":true,"statementMap":{"0":{"start":{"line":1,"column":0},"end":{"line":1,"column":53}},"1":{"start":{"line":2,"column":0},"end":{"line":2,"column":58}},"2":{"start":{"line":3,"column":0},"end":{"line":3,"column":42}},"4":{"start":{"line":5,"column":0},"end":{"line":5,"column":27}},"5":{"start":{"line":6,"column":0},"end":{"line":6,"column":47}},"6":{"start":{"line":7,"column":0},"end":{"line":7,"column":41}},"7":{"start":{"line":8,"column":0},"end":{"line":8,"column":24}},"9":{"start":{"line":10,"column":0},"end":{"line":10,"column":1}}},"s":{"0":0,"1":0,"2":0,"4":0,"5":0,"6":0,"7":0,"9":0},"branchMap":{"0":{"type":"branch","line":1,"loc":{"start":{"line":1,"column":324},"end":{"line":10,"column":1}},"locations":[{"start":{"line":1,"column":324},"end":{"line":10,"column":1}}]}},"b":{"0":[0]},"fnMap":{"0":{"name":"(empty-report)","decl":{"start":{"line":1,"column":324},"end":{"line":10,"column":1}},"loc":{"start":{"line":1,"column":324},"end":{"line":10,"column":1}},"line":1}},"f":{"0":0}}
,"E:\\hackthon\\frontend-mentor\\weatherApp\\app\\src\\components\\toolbar\\toolbarRight\\ToolbarRight.tsx": {"path":"E:\\hackthon\\frontend-mentor\\weatherApp\\app\\src\\components\\toolbar\\toolbarRight\\ToolbarRight.tsx","all":true,"statementMap":{"0":{"start":{"line":1,"column":0},"end":{"line":1,"column":67}},"1":{"start":{"line":2,"column":0},"end":{"line":2,"column":69}},"2":{"start":{"line":3,"column":0},"end":{"line":3,"column":47}},"4":{"start":{"line":5,"column":0},"end":{"line":5,"column":32}},"5":{"start":{"line":6,"column":0},"end":{"line":6,"column":61}},"6":{"start":{"line":7,"column":0},"end":{"line":7,"column":64}},"7":{"start":{"line":8,"column":0},"end":{"line":8,"column":25}},"9":{"start":{"line":10,"column":0},"end":{"line":10,"column":24}},"12":{"start":{"line":13,"column":0},"end":{"line":13,"column":1}}},"s":{"0":0,"1":0,"2":0,"4":0,"5":0,"6":0,"7":0,"9":0,"12":0},"branchMap":{"0":{"type":"branch","line":1,"loc":{"start":{"line":1,"column":458},"end":{"line":13,"column":1}},"locations":[{"start":{"line":1,"column":458},"end":{"line":13,"column":1}}]}},"b":{"0":[0]},"fnMap":{"0":{"name":"(empty-report)","decl":{"start":{"line":1,"column":458},"end":{"line":13,"column":1}},"loc":{"start":{"line":1,"column":458},"end":{"line":13,"column":1}},"line":1}},"f":{"0":0}}
,"E:\\hackthon\\frontend-mentor\\weatherApp\\app\\src\\utils\\cnr.ts": {"path":"E:\\hackthon\\frontend-mentor\\weatherApp\\app\\src\\utils\\cnr.ts","all":false,"statementMap":{"4":{"start":{"line":5,"column":0},"end":{"line":5,"column":3}},"9":{"start":{"line":10,"column":0},"end":{"line":10,"column":3}},"11":{"start":{"line":12,"column":0},"end":{"line":12,"column":61}},"12":{"start":{"line":13,"column":0},"end":{"line":13,"column":28}},"14":{"start":{"line":15,"column":0},"end":{"line":15,"column":46}},"15":{"start":{"line":16,"column":0},"end":{"line":16,"column":45}},"16":{"start":{"line":17,"column":0},"end":{"line":17,"column":5}},"18":{"start":{"line":19,"column":0},"end":{"line":19,"column":29}},"19":{"start":{"line":20,"column":0},"end":{"line":20,"column":27}},"21":{"start":{"line":22,"column":0},"end":{"line":22,"column":29}},"22":{"start":{"line":23,"column":0},"end":{"line":23,"column":26}},"23":{"start":{"line":24,"column":0},"end":{"line":24,"column":34}},"24":{"start":{"line":25,"column":0},"end":{"line":25,"column":21}},"25":{"start":{"line":26,"column":0},"end":{"line":26,"column":26}},"26":{"start":{"line":27,"column":0},"end":{"line":27,"column":41}},"27":{"start":{"line":28,"column":0},"end":{"line":28,"column":46}},"28":{"start":{"line":29,"column":0},"end":{"line":29,"column":52}},"29":{"start":{"line":30,"column":0},"end":{"line":30,"column":24}},"30":{"start":{"line":31,"column":0},"end":{"line":31,"column":44}},"31":{"start":{"line":32,"column":0},"end":{"line":32,"column":55}},"32":{"start":{"line":33,"column":0},"end":{"line":33,"column":21}},"33":{"start":{"line":34,"column":0},"end":{"line":34,"column":17}},"34":{"start":{"line":35,"column":0},"end":{"line":35,"column":21}},"35":{"start":{"line":36,"column":0},"end":{"line":36,"column":20}},"36":{"start":{"line":37,"column":0},"end":{"line":37,"column":60}},"37":{"start":{"line":38,"column":0},"end":{"line":38,"column":21}},"38":{"start":{"line":39,"column":0},"end":{"line":39,"column":9}},"39":{"start":{"line":40,"column":0},"end":{"line":40,"column":5}},"41":{"start":{"line":42,"column":0},"end":{"line":42,"column":18}},"42":{"start":{"line":43,"column":0},"end":{"line":43,"column":1}}},"s":{"4":1,"9":1,"11":1,"12":9,"14":9,"15":14,"16":14,"18":9,"19":19,"21":14,"22":19,"23":9,"24":9,"25":19,"26":4,"27":2,"28":2,"29":2,"30":2,"31":5,"32":5,"33":2,"34":4,"35":19,"36":1,"37":1,"38":19,"39":19,"41":9,"42":9},"branchMap":{"0":{"type":"branch","line":12,"loc":{"start":{"line":12,"column":15},"end":{"line":43,"column":1}},"locations":[{"start":{"line":12,"column":15},"end":{"line":43,"column":1}}]},"1":{"type":"branch","line":19,"loc":{"start":{"line":19,"column":28},"end":{"line":40,"column":5}},"locations":[{"start":{"line":19,"column":28},"end":{"line":40,"column":5}}]},"2":{"type":"branch","line":20,"loc":{"start":{"line":20,"column":18},"end":{"line":20,"column":27}},"locations":[{"start":{"line":20,"column":18},"end":{"line":20,"column":27}}]},"3":{"type":"branch","line":20,"loc":{"start":{"line":20,"column":18},"end":{"line":23,"column":17}},"locations":[{"start":{"line":20,"column":18},"end":{"line":23,"column":17}}]},"4":{"type":"branch","line":23,"loc":{"start":{"line":23,"column":12},"end":{"line":25,"column":21}},"locations":[{"start":{"line":23,"column":12},"end":{"line":25,"column":21}}]},"5":{"type":"branch","line":26,"loc":{"start":{"line":26,"column":12},"end":{"line":35,"column":21}},"locations":[{"start":{"line":26,"column":12},"end":{"line":35,"column":21}}]},"6":{"type":"branch","line":27,"loc":{"start":{"line":27,"column":40},"end":{"line":34,"column":17}},"locations":[{"start":{"line":27,"column":40},"end":{"line":34,"column":17}}]},"7":{"type":"branch","line":31,"loc":{"start":{"line":31,"column":43},"end":{"line":33,"column":21}},"locations":[{"start":{"line":31,"column":43},"end":{"line":33,"column":21}}]},"8":{"type":"branch","line":32,"loc":{"start":{"line":32,"column":38},"end":{"line":32,"column":55}},"locations":[{"start":{"line":32,"column":38},"end":{"line":32,"column":55}}]},"9":{"type":"branch","line":36,"loc":{"start":{"line":36,"column":12},"end":{"line":38,"column":21}},"locations":[{"start":{"line":36,"column":12},"end":{"line":38,"column":21}}]},"10":{"type":"branch","line":15,"loc":{"start":{"line":15,"column":4},"end":{"line":17,"column":5}},"locations":[{"start":{"line":15,"column":4},"end":{"line":17,"column":5}}]},"11":{"type":"branch","line":16,"loc":{"start":{"line":16,"column":20},"end":{"line":16,"column":36}},"locations":[{"start":{"line":16,"column":20},"end":{"line":16,"column":36}}]},"12":{"type":"branch","line":16,"loc":{"start":{"line":16,"column":30},"end":{"line":16,"column":37}},"locations":[{"start":{"line":16,"column":30},"end":{"line":16,"column":37}}]}},"b":{"0":[9],"1":[19],"2":[5],"3":[14],"4":[9],"5":[4],"6":[2],"7":[5],"8":[3],"9":[1],"10":[14],"11":[6],"12":[8]},"fnMap":{"0":{"name":"cnr","decl":{"start":{"line":12,"column":15},"end":{"line":43,"column":1}},"loc":{"start":{"line":12,"column":15},"end":{"line":43,"column":1}},"line":12},"1":{"name":"concatString","decl":{"start":{"line":15,"column":4},"end":{"line":17,"column":5}},"loc":{"start":{"line":15,"column":4},"end":{"line":17,"column":5}},"line":15}},"f":{"0":9,"1":14}}
}
